<?xml version="1.0" encoding="UTF-8"?>
<!-- Generated by org.testng.reporters.JUnitXMLReporter -->
<testsuite ignored="2" hostname="LAPTOP-PU8VKKP8" failures="0" tests="7" name="Car Loan" time="0.021" errors="0" timestamp="2022-08-14T15:10:58 IST">
  <testcase classname="TestNg.day3" name="Carloan" time="0.0"/>
  <testcase classname="TestNg.day3" name="LoginCarLoanAPi" time="0.001"/>
  <testcase classname="TestNg.day3" name="MobileAppCompanyCarLoan" time="0.0"/>
  <testcase classname="TestNg.day3" name="MobileSignUpLoan" time="0.004"/>
  <testcase classname="TestNg.day3" name="WebLoginCarloan" time="0.0"/>
  <testcase classname="TestNg.day3" name="MobileUserCarLoan" time="0.001"/>
  <testcase classname="TestNg.day3" name="ApiCarLoan" time="0.001"/>
  <testcase classname="TestNg.day3" name="MobileAppCarLoan" time="0.0">
    <ignored/>
  </testcase> <!-- MobileAppCarLoan -->
  <testcase classname="TestNg.day3" name="MobileLoginCarloan" time="0.0">
    <ignored/>
  </testcase> <!-- MobileLoginCarloan -->
</testsuite> <!-- Car Loan -->
