<?xml version="1.0" encoding="UTF-8"?>
<!-- Generated by org.testng.reporters.JUnitXMLReporter -->
<testsuite ignored="14" hostname="LAPTOP-PU8VKKP8" failures="0" tests="4" name="Regression" time="0.047" errors="0" timestamp="2022-08-14T15:15:59 IST">
  <testcase classname="TestNg.day1" name="AnnulPersonalLoan" time="0.005"/>
  <testcase classname="TestNg.day2" name="UloanAb" time="0.001"/>
  <testcase classname="TestNg.day4" name="MobileLoginPersonalloan" time="0.002"/>
  <testcase classname="TestNg.day3" name="LoginCarLoanAPi" time="0.002"/>
  <testcase classname="TestNg.day4" name="LoginAPIHome" time="0.0">
    <ignored/>
  </testcase> <!-- LoginAPIHome -->
  <testcase classname="TestNg.day4" name="WebLoginUserloan" time="0.0">
    <ignored/>
  </testcase> <!-- WebLoginUserloan -->
  <testcase classname="TestNg.day3" name="ApiCarLoan" time="0.0">
    <ignored/>
  </testcase> <!-- ApiCarLoan -->
  <testcase classname="TestNg.day3" name="MobileUserCarLoan" time="0.0">
    <ignored/>
  </testcase> <!-- MobileUserCarLoan -->
  <testcase classname="TestNg.day3" name="MobileLoginCarloan" time="0.0">
    <ignored/>
  </testcase> <!-- MobileLoginCarloan -->
  <testcase classname="TestNg.day3" name="MobileAppCompanyCarLoan" time="0.0">
    <ignored/>
  </testcase> <!-- MobileAppCompanyCarLoan -->
  <testcase classname="TestNg.day2" name="ploan" time="0.0">
    <ignored/>
  </testcase> <!-- ploan -->
  <testcase classname="TestNg.day2" name="CarLoanSignIn" time="0.0">
    <ignored/>
  </testcase> <!-- CarLoanSignIn -->
  <testcase classname="TestNg.day3" name="MobileSignUpLoan" time="0.0">
    <ignored/>
  </testcase> <!-- MobileSignUpLoan -->
  <testcase classname="TestNg.day3" name="MobileAppCarLoan" time="0.0">
    <ignored/>
  </testcase> <!-- MobileAppCarLoan -->
  <testcase classname="TestNg.day3" name="Carloan" time="0.0">
    <ignored/>
  </testcase> <!-- Carloan -->
  <testcase classname="TestNg.day1" name="MonthlyPersonalLoan" time="0.0">
    <ignored/>
  </testcase> <!-- MonthlyPersonalLoan -->
  <testcase classname="TestNg.day2" name="PersonalLoan" time="0.0">
    <ignored/>
  </testcase> <!-- PersonalLoan -->
  <testcase classname="TestNg.day3" name="WebLoginCarloan" time="0.0">
    <ignored/>
  </testcase> <!-- WebLoginCarloan -->
</testsuite> <!-- Regression -->
